gallerypicker/build/intermediates/manifest_merge_blame_file/debug/manifest-merger-blame-debug-report.txt
1<?xml version="1.0" encoding="utf-8"?>
2<manifest xmlns:android="http://schemas.android.com/apk/res/android"
3    package="com.picker.gallery"
4    android:versionCode="1"
5    android:versionName="1.0" >
6
7    <uses-sdk
8        android:minSdkVersion="21"
8-->src/main/AndroidManifest.xml
9        android:targetSdkVersion="28" />
9-->src/main/AndroidManifest.xml
10
11    <application android:theme="@style/AppTheme" >
11-->src/main/AndroidManifest.xml:5:5-17:19
11-->src/main/AndroidManifest.xml:5:18-49
12        <activity android:name="com.picker.gallery.view.PickerActivity" />
12-->src/main/AndroidManifest.xml:6:9-57
12-->src/main/AndroidManifest.xml:6:19-54
13
14        <!-- <provider -->
15        <!-- android:name="androidx.core.content.FileProvider" -->
16        <!-- android:authorities="com.picker.gallery.fileprovider" -->
17        <!-- android:exported="false" -->
18        <!-- android:grantUriPermissions="true"> -->
19        <!-- <meta-data -->
20        <!-- android:name="android.support.FILE_PROVIDER_PATHS" -->
21        <!-- android:resource="@xml/file_paths" /> -->
22        <!-- </provider> -->
23    </application>
24
25</manifest>